<?xml version="1.0" encoding="UTF-8"?>
<!-- Generated by org.testng.reporters.JUnitReportReporter -->
<testsuite hostname="DESKTOP-EHKK8G6" failures="0" tests="2" name="myProject.TestCaseAlmosafer" time="0.137" errors="0" timestamp="2024-03-07T02:54:10 EET" skipped="0">
  <testcase classname="myProject.TestCaseAlmosafer" name="currencyTest" time="0.055"/>
  <system-out/>
  <testcase classname="myProject.TestCaseAlmosafer" name="languageTest" time="0.082"/>
  <system-out/>
</testsuite> <!-- myProject.TestCaseAlmosafer -->
